app/mapping.txt
# compiler: R8
# compiler_version: 3.3.83
# min_api: 18
# common_typos_disable
# {"id":"com.android.tools.r8.mapping","version":"2.0"}
# pg_map_id: 54530b7
# pg_map_hash: SHA-256 54530b79ffa2358c9e50201fb79a7e261d2ae0647ce8146ec060d936fc20b742
com.meizu.mzhotfix.A -> com.meizu.mzhotfix.a:
    void a_t2() -> a
com.meizu.mzhotfix.AboutActivity -> com.meizu.mzhotfix.AboutActivity:
    void actionStart(android.content.Context) -> B
com.meizu.mzhotfix.DexFixDemo -> com.meizu.mzhotfix.b:
    int temp -> a
    void test_addField() -> a
    void test_addMethod() -> b
    void test_annotation() -> c
    void test_normal(android.content.Context) -> d
com.meizu.mzhotfix.HelperActivity -> com.meizu.mzhotfix.HelperActivity:
    void actionStart(android.content.Context) -> B
com.meizu.mzhotfix.MainActivity -> com.meizu.mzhotfix.MainActivity:
    android.widget.TextView mStatusTv -> r
    java.lang.String mStatusStr -> s
    void access$000(com.meizu.mzhotfix.MainActivity,java.lang.String) -> B
    void requestExternalStoragePermission() -> C
    void updateConsole(java.lang.String) -> D
com.meizu.mzhotfix.MainActivity$1 -> com.meizu.mzhotfix.MainActivity$a:
    com.meizu.mzhotfix.MainActivity this$0 -> a
    void handle(java.lang.String) -> a
com.meizu.mzhotfix.MainActivity$1$1 -> com.meizu.mzhotfix.MainActivity$a$a:
    java.lang.String val$msg -> a
    com.meizu.mzhotfix.MainActivity$1 this$1 -> b
com.meizu.mzhotfix.MainApplication -> com.meizu.mzhotfix.c:
com.meizu.mzhotfix.ResTestActivity -> com.meizu.mzhotfix.ResTestActivity:
    android.widget.TextView tv -> r
    android.widget.ImageView iv -> s
    boolean onSupportNavigateUp() -> x
com.meizu.mzhotfix.SOFixDemo -> com.meizu.mzhotfix.SOFixDemo:
    void test(android.content.Context) -> a
com.meizu.mzhotfix.SophixStubApplication -> com.meizu.mzhotfix.SophixStubApplication:
    java.lang.String TAG -> a
    com.meizu.mzhotfix.SophixStubApplication$MsgDisplayListener msgDisplayListener -> b
    java.lang.StringBuilder cacheMsg -> c
    void initSophix() -> a
com.meizu.mzhotfix.SophixStubApplication$1 -> com.meizu.mzhotfix.SophixStubApplication$a:
    com.meizu.mzhotfix.SophixStubApplication this$0 -> a
com.meizu.mzhotfix.SophixStubApplication$MsgDisplayListener -> com.meizu.mzhotfix.SophixStubApplication$b:
    void handle(java.lang.String) -> a
com.meizu.mzhotfix.TestFieldAnnotation -> com.meizu.mzhotfix.d:
...
androidx.appcompat.widget.AppCompatSpinner$DropdownPopup$3 -> androidx.appcompat.widget.w$c$c:
    androidx.appcompat.widget.AppCompatSpinner$DropdownPopup this$1 -> b
    android.view.ViewTreeObserver$OnGlobalLayoutListener val$layoutListener -> a
androidx.appcompat.widget.AppCompatTextHelper -> androidx.appcompat.widget.a0:
    androidx.appcompat.widget.TintInfo mDrawableStartTint -> f
    androidx.appcompat.widget.TintInfo mDrawableEndTint -> g
    androidx.appcompat.widget.AppCompatTextViewAutoSizeHelper mAutoSizeTextHelper -> h
    android.widget.TextView mView -> a
    androidx.appcompat.widget.TintInfo mDrawableRightTint -> d
    androidx.appcompat.widget.TintInfo mDrawableBottomTint -> e
    boolean mAsyncFontPending -> k
    int mStyle -> i
    android.graphics.Typeface mFontTypeface -> j
    androidx.appcompat.widget.TintInfo mDrawableLeftTint -> b
    androidx.appcompat.widget.TintInfo mDrawableTopTint -> c
    void applyCompoundDrawableTint(android.graphics.drawable.Drawable,androidx.appcompat.widget.TintInfo) -> a
    void applyCompoundDrawablesTints() -> b
    void autoSizeText() -> c
    androidx.appcompat.widget.TintInfo createTintInfo(android.content.Context,androidx.appcompat.widget.AppCompatDrawableManager,int) -> d
    int getAutoSizeMaxTextSize() -> e
    int getAutoSizeMinTextSize() -> f
    int getAutoSizeStepGranularity() -> g
    int[] getAutoSizeTextAvailableSizes() -> h
    int getAutoSizeTextType() -> i
    boolean isAutoSizeEnabled() -> j
    void loadFromAttributes(android.util.AttributeSet,int) -> k
    void onAsyncTypefaceReceived(java.lang.ref.WeakReference,android.graphics.Typeface) -> l
    void onLayout(boolean,int,int,int,int) -> m
androidx.appcompat.widget.AppCompatTextHelper$$ExternalSyntheticApiModelOutline0 -> androidx.appcompat.widget.x:
# {"id":"sourceFile","fileName":"R8$$SyntheticClass"}
# {"id":"com.android.tools.r8.synthesized"}
    int androidx.appcompat.widget.AppCompatTextHelper$$InternalSyntheticApiModelOutline$1$e702ce2374dd981640d32b7679bc04b975fdf1223c5b2cf262102c929108964a$0.m(android.widget.TextView) -> a
      # {"id":"com.android.tools.r8.synthesized"}
androidx.appcompat.widget.AppCompatTextHelper$$ExternalSyntheticApiModelOutline1 -> androidx.appcompat.widget.y:
# {"id":"sourceFile","fileName":"R8$$SyntheticClass"}
# {"id":"com.android.tools.r8.synthesized"}
    void androidx.appcompat.widget.AppCompatTextHelper$$InternalSyntheticApiModelOutline$1$e702ce2374dd981640d32b7679bc04b975fdf1223c5b2cf262102c929108964a$1.m(android.widget.TextView,int,int,int,int) -> a
      # {"id":"com.android.tools.r8.synthesized"}
androidx.appcompat.widget.AppCompatTextHelper$$ExternalSyntheticApiModelOutline2 -> androidx.appcompat.widget.z:
# {"id":"sourceFile","fileName":"R8$$SyntheticClass"}
# {"id":"com.android.tools.r8.synthesized"}
    void androidx.appcompat.widget.AppCompatTextHelper$$InternalSyntheticApiModelOutline$1$e702ce2374dd981640d32b7679bc04b975fdf1223c5b2cf262102c929108964a$2.m(android.widget.TextView,int[],int) -> a
      # {"id":"com.android.tools.r8.synthesized"}
androidx.appcompat.widget.AppCompatTextHelper$1 -> androidx.appcompat.widget.a0$a:
    androidx.appcompat.widget.AppCompatTextHelper this$0 -> b
    java.lang.ref.WeakReference val$textViewWeak -> a
    void onFontRetrievalFailed(int) -> c
    void onFontRetrieved(android.graphics.Typeface) -> d
androidx.appcompat.widget.AppCompatTextView -> androidx.appcompat.widget.b0:
    androidx.appcompat.widget.AppCompatBackgroundHelper mBackgroundTintHelper -> a
    androidx.appcompat.widget.AppCompatTextHelper mTextHelper -> b
    java.util.concurrent.Future mPrecomputedTextFuture -> c
    void consumeTextFutureAndSetBlocking() -> e